/home/asaace00/repo/me495/hw4/src/homework4/nubot_nav/install/nubot_nav/lib/python3.12/site-packages/nubot_nav/__init__.py
/home/asaace00/repo/me495/hw4/src/homework4/nubot_nav/install/nubot_nav/lib/python3.12/site-packages/nubot_nav/explore.py
/home/asaace00/repo/me495/hw4/src/homework4/nubot_nav/install/nubot_nav/lib/python3.12/site-packages/nubot_nav/__pycache__/__init__.cpython-312.pyc
/home/asaace00/repo/me495/hw4/src/homework4/nubot_nav/install/nubot_nav/lib/python3.12/site-packages/nubot_nav/__pycache__/explore.cpython-312.pyc
/home/asaace00/repo/me495/hw4/src/homework4/nubot_nav/install/nubot_nav/share/ament_index/resource_index/packages/nubot_nav
/home/asaace00/repo/me495/hw4/src/homework4/nubot_nav/install/nubot_nav/share/nubot_nav/package.xml
/home/asaace00/repo/me495/hw4/src/homework4/nubot_nav/install/nubot_nav/share/nubot_nav/launch/manual_explore.launch.py
/home/asaace00/repo/me495/hw4/src/homework4/nubot_nav/install/nubot_nav/share/nubot_nav/urdf/nubot.urdf.xacro
/home/asaace00/repo/me495/hw4/src/homework4/nubot_nav/install/nubot_nav/share/nubot_nav/config/nubot_urdf.rviz
/home/asaace00/repo/me495/hw4/src/homework4/nubot_nav/install/nubot_nav/share/nubot_nav/config/ekf.yaml
/home/asaace00/repo/me495/hw4/src/homework4/nubot_nav/install/nubot_nav/share/nubot_nav/config/nav2_params.yaml
/home/asaace00/repo/me495/hw4/src/homework4/nubot_nav/install/nubot_nav/share/nubot_nav/worlds/nubot_simple.sdf
/home/asaace00/repo/me495/hw4/src/homework4/nubot_nav/install/nubot_nav/share/nubot_nav/worlds/nubot_world.sdf
/home/asaace00/repo/me495/hw4/src/homework4/nubot_nav/install/nubot_nav/share/nubot_nav/explore.py
/home/asaace00/repo/me495/hw4/src/homework4/nubot_nav/install/nubot_nav/lib/python3.12/site-packages/nubot_nav-0.0.0-py3.12.egg-info/requires.txt
/home/asaace00/repo/me495/hw4/src/homework4/nubot_nav/install/nubot_nav/lib/python3.12/site-packages/nubot_nav-0.0.0-py3.12.egg-info/zip-safe
/home/asaace00/repo/me495/hw4/src/homework4/nubot_nav/install/nubot_nav/lib/python3.12/site-packages/nubot_nav-0.0.0-py3.12.egg-info/entry_points.txt
/home/asaace00/repo/me495/hw4/src/homework4/nubot_nav/install/nubot_nav/lib/python3.12/site-packages/nubot_nav-0.0.0-py3.12.egg-info/dependency_links.txt
/home/asaace00/repo/me495/hw4/src/homework4/nubot_nav/install/nubot_nav/lib/python3.12/site-packages/nubot_nav-0.0.0-py3.12.egg-info/top_level.txt
/home/asaace00/repo/me495/hw4/src/homework4/nubot_nav/install/nubot_nav/lib/python3.12/site-packages/nubot_nav-0.0.0-py3.12.egg-info/SOURCES.txt
/home/asaace00/repo/me495/hw4/src/homework4/nubot_nav/install/nubot_nav/lib/python3.12/site-packages/nubot_nav-0.0.0-py3.12.egg-info/PKG-INFO
/home/asaace00/repo/me495/hw4/src/homework4/nubot_nav/install/nubot_nav/lib/nubot_nav/explore_node
